  libpointing1.cpp
D:\CG\Codes\vc\External Libs\libpointing\pointing\transferfunctions\TransferFunction.h(1,1): warning C4819: 현재 코드 페이지(949)에서 표시할 수 없는 문자가 파일에 들어 있습니다. 데이터가 손실되지 않게 하려면 해당 파일을 유니코드 형식으로 저장하십시오.
D:\CG\Codes\vc\projects\libpointing1\libpointing1\libpointing1.cpp(39,34): warning C4305: '초기화 중': 'double'에서 'float'(으)로 잘립니다.
D:\CG\Codes\vc\projects\libpointing1\libpointing1\libpointing1.cpp(48,22): warning C4305: '초기화 중': 'double'에서 'float'(으)로 잘립니다.
D:\CG\Codes\vc\projects\libpointing1\libpointing1\libpointing1.cpp(126,31): warning C4244: '=': 'double'에서 'float'(으)로 변환하면서 데이터가 손실될 수 있습니다.
D:\CG\Codes\vc\projects\libpointing1\libpointing1\libpointing1.cpp(127,35): warning C4244: '=': 'double'에서 'float'(으)로 변환하면서 데이터가 손실될 수 있습니다.
  코드를 생성하고 있습니다.
  2 of 220 functions ( 0.9%) were compiled, the rest were copied from previous compilation.
    0 functions were new in current compilation
    0 functions had inline decision re-evaluated but remain unchanged
  코드를 생성했습니다.
pointing.lib(XorgFunction.obj) : warning LNK4099: '' PDB를 'pointing.lib(XorgFunction.obj)' 또는 ''에서 찾을 수 없습니다. 디버그 정보가 없는 것처럼 개체를 링크합니다.
pointing.lib(DummyPointingDevice.obj) : warning LNK4099: 'pointing.pdb' PDB를 'pointing.lib(DummyPointingDevice.obj)' 또는 'D:\CG\Codes\vc\projects\libpointing1\Release\pointing.pdb'에서 찾을 수 없습니다. 디버그 정보가 없는 것처럼 개체를 링크합니다.
pointing.lib(PointingDevice.obj) : warning LNK4099: 'pointing.pdb' PDB를 'pointing.lib(PointingDevice.obj)' 또는 'D:\CG\Codes\vc\projects\libpointing1\Release\pointing.pdb'에서 찾을 수 없습니다. 디버그 정보가 없는 것처럼 개체를 링크합니다.
pointing.lib(PointingDeviceManager.obj) : warning LNK4099: 'pointing.pdb' PDB를 'pointing.lib(PointingDeviceManager.obj)' 또는 'D:\CG\Codes\vc\projects\libpointing1\Release\pointing.pdb'에서 찾을 수 없습니다. 디버그 정보가 없는 것처럼 개체를 링크합니다.
pointing.lib(SystemPointingDevice.obj) : warning LNK4099: 'pointing.pdb' PDB를 'pointing.lib(SystemPointingDevice.obj)' 또는 'D:\CG\Codes\vc\projects\libpointing1\Release\pointing.pdb'에서 찾을 수 없습니다. 디버그 정보가 없는 것처럼 개체를 링크합니다.
pointing.lib(USB.obj) : warning LNK4099: 'pointing.pdb' PDB를 'pointing.lib(USB.obj)' 또는 'D:\CG\Codes\vc\projects\libpointing1\Release\pointing.pdb'에서 찾을 수 없습니다. 디버그 정보가 없는 것처럼 개체를 링크합니다.
pointing.lib(winPointingDevice.obj) : warning LNK4099: 'pointing.pdb' PDB를 'pointing.lib(winPointingDevice.obj)' 또는 'D:\CG\Codes\vc\projects\libpointing1\Release\pointing.pdb'에서 찾을 수 없습니다. 디버그 정보가 없는 것처럼 개체를 링크합니다.
pointing.lib(winPointingDeviceManager.obj) : warning LNK4099: '' PDB를 'pointing.lib(winPointingDeviceManager.obj)' 또는 ''에서 찾을 수 없습니다. 디버그 정보가 없는 것처럼 개체를 링크합니다.
pointing.lib(DisplayDevice.obj) : warning LNK4099: 'pointing.pdb' PDB를 'pointing.lib(DisplayDevice.obj)' 또는 'D:\CG\Codes\vc\projects\libpointing1\Release\pointing.pdb'에서 찾을 수 없습니다. 디버그 정보가 없는 것처럼 개체를 링크합니다.
pointing.lib(DummyDisplayDevice.obj) : warning LNK4099: 'pointing.pdb' PDB를 'pointing.lib(DummyDisplayDevice.obj)' 또는 'D:\CG\Codes\vc\projects\libpointing1\Release\pointing.pdb'에서 찾을 수 없습니다. 디버그 정보가 없는 것처럼 개체를 링크합니다.
pointing.lib(winDisplayDevice.obj) : warning LNK4099: 'pointing.pdb' PDB를 'pointing.lib(winDisplayDevice.obj)' 또는 'D:\CG\Codes\vc\projects\libpointing1\Release\pointing.pdb'에서 찾을 수 없습니다. 디버그 정보가 없는 것처럼 개체를 링크합니다.
pointing.lib(winDisplayDeviceHelper.obj) : warning LNK4099: 'pointing.pdb' PDB를 'pointing.lib(winDisplayDeviceHelper.obj)' 또는 'D:\CG\Codes\vc\projects\libpointing1\Release\pointing.pdb'에서 찾을 수 없습니다. 디버그 정보가 없는 것처럼 개체를 링크합니다.
pointing.lib(Composition.obj) : warning LNK4099: 'pointing.pdb' PDB를 'pointing.lib(Composition.obj)' 또는 'D:\CG\Codes\vc\projects\libpointing1\Release\pointing.pdb'에서 찾을 수 없습니다. 디버그 정보가 없는 것처럼 개체를 링크합니다.
pointing.lib(ConstantFunction.obj) : warning LNK4099: 'pointing.pdb' PDB를 'pointing.lib(ConstantFunction.obj)' 또는 'D:\CG\Codes\vc\projects\libpointing1\Release\pointing.pdb'에서 찾을 수 없습니다. 디버그 정보가 없는 것처럼 개체를 링크합니다.
pointing.lib(Interpolation.obj) : warning LNK4099: 'pointing.pdb' PDB를 'pointing.lib(Interpolation.obj)' 또는 'D:\CG\Codes\vc\projects\libpointing1\Release\pointing.pdb'에서 찾을 수 없습니다. 디버그 정보가 없는 것처럼 개체를 링크합니다.
pointing.lib(NaiveConstantFunction.obj) : warning LNK4099: 'pointing.pdb' PDB를 'pointing.lib(NaiveConstantFunction.obj)' 또는 'D:\CG\Codes\vc\projects\libpointing1\Release\pointing.pdb'에서 찾을 수 없습니다. 디버그 정보가 없는 것처럼 개체를 링크합니다.
pointing.lib(SigmoidFunction.obj) : warning LNK4099: '' PDB를 'pointing.lib(SigmoidFunction.obj)' 또는 ''에서 찾을 수 없습니다. 디버그 정보가 없는 것처럼 개체를 링크합니다.
pointing.lib(SubPixelFunction.obj) : warning LNK4099: 'pointing.pdb' PDB를 'pointing.lib(SubPixelFunction.obj)' 또는 'D:\CG\Codes\vc\projects\libpointing1\Release\pointing.pdb'에서 찾을 수 없습니다. 디버그 정보가 없는 것처럼 개체를 링크합니다.
pointing.lib(TransferFunction.obj) : warning LNK4099: 'pointing.pdb' PDB를 'pointing.lib(TransferFunction.obj)' 또는 'D:\CG\Codes\vc\projects\libpointing1\Release\pointing.pdb'에서 찾을 수 없습니다. 디버그 정보가 없는 것처럼 개체를 링크합니다.
pointing.lib(winSystemPointerAcceleration.obj) : warning LNK4099: '' PDB를 'pointing.lib(winSystemPointerAcceleration.obj)' 또는 ''에서 찾을 수 없습니다. 디버그 정보가 없는 것처럼 개체를 링크합니다.
pointing.lib(ConfigDict.obj) : warning LNK4099: 'pointing.pdb' PDB를 'pointing.lib(ConfigDict.obj)' 또는 'D:\CG\Codes\vc\projects\libpointing1\Release\pointing.pdb'에서 찾을 수 없습니다. 디버그 정보가 없는 것처럼 개체를 링크합니다.
pointing.lib(FileUtils.obj) : warning LNK4099: 'pointing.pdb' PDB를 'pointing.lib(FileUtils.obj)' 또는 'D:\CG\Codes\vc\projects\libpointing1\Release\pointing.pdb'에서 찾을 수 없습니다. 디버그 정보가 없는 것처럼 개체를 링크합니다.
pointing.lib(FrequencyEstimator.obj) : warning LNK4099: '' PDB를 'pointing.lib(FrequencyEstimator.obj)' 또는 ''에서 찾을 수 없습니다. 디버그 정보가 없는 것처럼 개체를 링크합니다.
pointing.lib(TimeStamp.obj) : warning LNK4099: '' PDB를 'pointing.lib(TimeStamp.obj)' 또는 ''에서 찾을 수 없습니다. 디버그 정보가 없는 것처럼 개체를 링크합니다.
pointing.lib(URI.obj) : warning LNK4099: 'pointing.pdb' PDB를 'pointing.lib(URI.obj)' 또는 'D:\CG\Codes\vc\projects\libpointing1\Release\pointing.pdb'에서 찾을 수 없습니다. 디버그 정보가 없는 것처럼 개체를 링크합니다.
  libpointing1.vcxproj -> D:\CG\Codes\vc\projects\libpointing1\Release\libpointing1.exe
